{
  "RSpec": {
    "coverage": {
      "/Users/kfoss/turing/3module/projects/self_directed/app/helpers/application_helper.rb": [
        1,
        null
      ],
      "/Users/kfoss/turing/3module/projects/self_directed/app/helpers/sessions_helper.rb": [
        1,
        null
      ],
      "/Users/kfoss/turing/3module/projects/self_directed/app/helpers/user_helper.rb": [
        1,
        null
      ],
      "/Users/kfoss/turing/3module/projects/self_directed/app/helpers/users_helper.rb": [
        1,
        null
      ],
      "/Users/kfoss/turing/3module/projects/self_directed/app/services/weather_service.rb": [
        1,
        null,
        1,
        1,
        null,
        1,
        1,
        null,
        null,
        1,
        1,
        1,
        1,
        1,
        null,
        null,
        1,
        1,
        1,
        null,
        null,
        null
      ],
      "/Users/kfoss/turing/3module/projects/self_directed/app/services/yoda_service.rb": [
        1,
        1,
        1,
        null,
        1,
        1,
        null,
        1,
        2,
        2,
        null,
        null,
        null,
        null,
        null,
        1,
        2,
        2,
        2,
        null,
        null,
        1,
        null,
        1,
        2,
        null,
        null
      ],
      "/Users/kfoss/turing/3module/projects/self_directed/app/controllers/application_controller.rb": [
        0,
        0,
        0,
        0,
        0,
        0,
        0,
        0,
        0,
        0,
        0,
        0,
        0,
        0,
        0,
        0,
        0,
        0,
        0,
        0
      ],
      "/Users/kfoss/turing/3module/projects/self_directed/app/controllers/sessions_controller.rb": [
        0,
        0,
        0,
        0,
        0,
        0,
        0,
        0,
        0,
        0,
        0,
        0,
        0,
        0,
        0,
        0,
        0,
        0,
        0,
        0,
        0,
        0,
        0,
        0
      ],
      "/Users/kfoss/turing/3module/projects/self_directed/app/controllers/users_controller.rb": [
        0,
        0,
        0,
        0,
        0,
        0,
        0,
        0,
        0,
        0,
        0,
        0,
        0,
        0,
        0,
        0,
        0,
        0,
        0,
        0,
        0,
        0,
        0,
        0,
        0,
        0,
        0,
        0,
        0,
        0,
        0,
        0,
        0,
        0,
        0,
        0,
        0,
        0,
        0,
        0
      ],
      "/Users/kfoss/turing/3module/projects/self_directed/app/controllers/welcome_controller.rb": [
        0,
        0,
        0,
        0,
        0,
        0
      ],
      "/Users/kfoss/turing/3module/projects/self_directed/app/models/user.rb": [
        0,
        0,
        0,
        0,
        0,
        0,
        0,
        0,
        0,
        0,
        0,
        0,
        0,
        0,
        0,
        0,
        0,
        0,
        0,
        0,
        0,
        0,
        0,
        0,
        0,
        0
      ],
      "/Users/kfoss/turing/3module/projects/self_directed/app/services/github_service.rb": [
        0,
        0,
        0,
        0,
        0,
        0,
        0,
        0,
        0,
        0,
        0,
        0,
        0,
        0,
        0,
        0,
        0,
        0,
        0,
        0,
        0,
        0,
        0
      ],
      "/Users/kfoss/turing/3module/projects/self_directed/app/services/nokogiri_service.rb": [
        0,
        0,
        0,
        0,
        0,
        0,
        0,
        0,
        0,
        0,
        0,
        0,
        0,
        0,
        0,
        0,
        0,
        0,
        0
      ]
    },
    "timestamp": 1465519516
  }
}
